<?xml version="1.0" encoding="UTF-8"?>
<!-- Generated by org.testng.reporters.JUnitReportReporter -->
<testsuite hostname="LAPTOP-H5F7P4K8" failures="0" tests="1" name="mycollection.MyCollectionPractice" time="0.005" errors="0" timestamp="2023-06-24T18:44:51 IST" skipped="0">
  <testcase classname="mycollection.MyCollectionPractice" name="testcase" time="0.005"/>
  <system-out/>
</testsuite> <!-- mycollection.MyCollectionPractice -->
