<?xml version="1.0" encoding="UTF-8"?>
<!-- Generated by org.testng.reporters.JUnitReportReporter -->
<testsuite hostname="LAPTOP-H5F7P4K8" failures="0" tests="3" name="oopsconcepts.Encapsulation.MyEncapsulationTest" time="0.012" errors="0" timestamp="2023-06-16T20:32:26 IST" skipped="0">
  <testcase classname="oopsconcepts.Encapsulation.MyEncapsulationTest" name="testCase1" time="0.007"/>
  <system-out/>
  <testcase classname="oopsconcepts.Encapsulation.MyEncapsulationTest" name="testCase2" time="0.002"/>
  <system-out/>
  <testcase classname="oopsconcepts.Encapsulation.MyEncapsulationTest" name="testCase3" time="0.003"/>
  <system-out/>
</testsuite> <!-- oopsconcepts.Encapsulation.MyEncapsulationTest -->
