<?xml version="1.0" encoding="UTF-8"?>
<!-- Generated by org.testng.reporters.JUnitReportReporter -->
<testsuite hostname="LAPTOP-H5F7P4K8" failures="0" tests="1" name="Excercise.MyJavaPrac" time="0.007" errors="0" timestamp="2023-07-12T22:20:05 IST" skipped="0">
  <testcase classname="Excercise.MyJavaPrac" name="testcase1" time="0.007"/>
  <system-out/>
</testsuite> <!-- Excercise.MyJavaPrac -->
