<?xml version="1.0" encoding="UTF-8"?>
<!-- Generated by org.testng.reporters.JUnitReportReporter -->
<testsuite hostname="LAPTOP-H5F7P4K8" failures="0" tests="1" name="Excercise.MyPracticeStringOccurance" time="0.008" errors="0" timestamp="2023-07-01T20:22:31 IST" skipped="0">
  <testcase classname="Excercise.MyPracticeStringOccurance" name="testcase1" time="0.008"/>
  <system-out/>
</testsuite> <!-- Excercise.MyPracticeStringOccurance -->
