<?xml version="1.0" encoding="UTF-8"?>
<!-- Generated by org.testng.reporters.JUnitReportReporter -->
<testsuite hostname="LAPTOP-H5F7P4K8" failures="0" tests="1" name="Excercise.MyStringProgram2" time="0.008" errors="0" timestamp="2023-07-12T22:22:09 IST" skipped="0">
  <testcase classname="Excercise.MyStringProgram2" name="testcase1" time="0.008"/>
  <system-out/>
</testsuite> <!-- Excercise.MyStringProgram2 -->
