<?xml version="1.0" encoding="UTF-8"?>
<!-- Generated by org.testng.reporters.JUnitReportReporter -->
<testsuite hostname="LAPTOP-H5F7P4K8" failures="0" tests="5" name="oopsconcepts.Encapsulation.B24MyEncapsulationTestCase" time="0.011" errors="0" timestamp="2023-06-10T12:07:44 IST" skipped="0">
  <testcase classname="oopsconcepts.Encapsulation.B24MyEncapsulationTestCase" name="testCase2" time="0.001"/>
  <system-out/>
  <testcase classname="oopsconcepts.Encapsulation.B24MyEncapsulationTestCase" name="testCase5" time="0.001"/>
  <system-out/>
  <testcase classname="oopsconcepts.Encapsulation.B24MyEncapsulationTestCase" name="testCase3" time="0.002"/>
  <system-out/>
  <testcase classname="oopsconcepts.Encapsulation.B24MyEncapsulationTestCase" name="testCase4" time="0.001"/>
  <system-out/>
  <testcase classname="oopsconcepts.Encapsulation.B24MyEncapsulationTestCase" name="testCase1" time="0.006"/>
  <system-out/>
</testsuite> <!-- oopsconcepts.Encapsulation.B24MyEncapsulationTestCase -->
