<?xml version="1.0" encoding="UTF-8"?>
<!-- Generated by org.testng.reporters.JUnitReportReporter -->
<testsuite hostname="LAPTOP-H5F7P4K8" failures="0" tests="2" name="Basic.B24MyTestNG" time="0.012" errors="0" timestamp="2023-06-04T08:30:48 IST" skipped="0">
  <testcase classname="Basic.B24MyTestNG" name="Testcase1" time="0.009"/>
  <system-out/>
  <testcase classname="Basic.B24MyTestNG" name="Testcase2" time="0.003"/>
  <system-out/>
</testsuite> <!-- Basic.B24MyTestNG -->
