<?xml version="1.0" encoding="UTF-8"?>
<!-- Generated by org.testng.reporters.JUnitReportReporter -->
<testsuite hostname="LAPTOP-H5F7P4K8" failures="0" tests="1" name="Excercise.MyPracticeFtoC" time="3.785" errors="0" timestamp="2023-07-01T20:08:29 IST" skipped="0">
  <testcase classname="Excercise.MyPracticeFtoC" name="testcase1" time="3.785"/>
  <system-out/>
</testsuite> <!-- Excercise.MyPracticeFtoC -->
