<?xml version="1.0" encoding="UTF-8"?>
<!-- Generated by org.testng.reporters.JUnitReportReporter -->
<testsuite hostname="LAPTOP-H5F7P4K8" failures="0" tests="1" name="Excercise.MyPractiseReverseString" time="0.006" errors="0" timestamp="2024-01-21T17:53:03 IST" skipped="0">
  <testcase classname="Excercise.MyPractiseReverseString" name="testcase1" time="0.006"/>
  <system-out/>
</testsuite> <!-- Excercise.MyPractiseReverseString -->
