<?xml version="1.0" encoding="UTF-8"?>
<!-- Generated by org.testng.reporters.JUnitReportReporter -->
<testsuite hostname="LAPTOP-H5F7P4K8" failures="0" tests="1" name="Excercise.MyAssignment" time="0.010" errors="0" timestamp="2024-01-28T16:20:57 IST" skipped="0">
  <testcase classname="Excercise.MyAssignment" name="testcase1" time="0.010"/>
  <system-out/>
</testsuite> <!-- Excercise.MyAssignment -->
